[1722174730.943][INFO]: Starting ChromeDriver 127.0.6533.72 (9755e24ca85aa18ffa16c743f660a3d914902775-refs/branch-heads/6533@{#1760}) on port 11293
[1722174730.943][INFO]: Please see https://chromedriver.chromium.org/security-considerations for suggestions on keeping ChromeDriver safe.
[1722174731.603][INFO]: [b25dd7e120f7221e4330d700b0decab2] COMMAND InitSession {
   "capabilities": {
      "firstMatch": [ {
         "browserName": "chrome",
         "goog:chromeOptions": {
            "args": [ "--remote-allow-origins=*" ],
            "binary": "C:\\Program Files\\Google\\Chrome\\Application\\chrome.exe",
            "extensions": [  ]
         },
         "goog:loggingPrefs": {
            "browser": "ALL",
            "driver": "ALL"
         }
      } ]
   }
}
[1722174731.604][INFO]: Populating Preferences file: {
   "alternate_error_pages": {
      "enabled": false
   },
   "autofill": {
      "enabled": false
   },
   "browser": {
      "check_default_browser": false
   },
   "distribution": {
      "import_bookmarks": false,
      "import_history": false,
      "import_search_engine": false,
      "make_chrome_default_for_user": false,
      "skip_first_run_ui": true
   },
   "dns_prefetching": {
      "enabled": false
   },
   "profile": {
      "content_settings": {
         "pattern_pairs": {
            "https://*,*": {
               "media-stream": {
                  "audio": "Default",
                  "video": "Default"
               }
            }
         }
      },
      "default_content_setting_values": {
         "geolocation": 1
      },
      "default_content_settings": {
         "geolocation": 1,
         "mouselock": 1,
         "notifications": 1,
         "popups": 1,
         "ppapi-broker": 1
      },
      "password_manager_enabled": false
   },
   "safebrowsing": {
      "enabled": false
   },
   "search": {
      "suggest_enabled": false
   },
   "translate": {
      "enabled": false
   }
}
[1722174731.605][INFO]: Populating Local State file: {
   "background_mode": {
      "enabled": false
   },
   "ssl": {
      "rev_checking": {
         "enabled": false
      }
   }
}
[1722174731.606][INFO]: ChromeDriver supports communication with Chrome via pipes. This is more reliable and more secure.
[1722174731.606][INFO]: Use the --remote-debugging-pipe Chrome switch instead of the default --remote-debugging-port to enable this communication mode.
[1722174731.608][INFO]: Launching chrome: "C:\Program Files\Google\Chrome\Application\chrome.exe" --allow-pre-commit-input --disable-background-networking --disable-backgrounding-occluded-windows --disable-client-side-phishing-detection --disable-default-apps --disable-hang-monitor --disable-popup-blocking --disable-prompt-on-repost --disable-sync --enable-automation --enable-logging --log-level=0 --no-first-run --no-service-autorun --password-store=basic --remote-allow-origins=* --remote-debugging-port=0 --test-type=webdriver --use-mock-keychain --user-data-dir="C:\Users\NAVEEN~1\AppData\Local\Temp\scoped_dir8604_67600851" data:,
[1722174732.665][INFO]: resolved localhost to ["::1","127.0.0.1"]
[1722174732.677][INFO]: [b25dd7e120f7221e4330d700b0decab2] RESPONSE InitSession {
   "capabilities": {
      "acceptInsecureCerts": false,
      "browserName": "chrome",
      "browserVersion": "127.0.6533.72",
      "chrome": {
         "chromedriverVersion": "127.0.6533.72 (9755e24ca85aa18ffa16c743f660a3d914902775-refs/branch-heads/6533@{#1760})",
         "userDataDir": "C:\\Users\\NAVEEN~1\\AppData\\Local\\Temp\\scoped_dir8604_67600851"
      },
      "fedcm:accounts": true,
      "goog:chromeOptions": {
         "debuggerAddress": "localhost:49928"
      },
      "networkConnectionEnabled": false,
      "pageLoadStrategy": "normal",
      "platformName": "windows",
      "proxy": {
      },
      "setWindowRect": true,
      "strictFileInteractability": false,
      "timeouts": {
         "implicit": 0,
         "pageLoad": 300000,
         "script": 30000
      },
      "unhandledPromptBehavior": "dismiss and notify",
      "webauthn:extension:credBlob": true,
      "webauthn:extension:largeBlob": true,
      "webauthn:extension:minPinLength": true,
      "webauthn:extension:prf": true,
      "webauthn:virtualAuthenticators": true
   },
   "sessionId": "b25dd7e120f7221e4330d700b0decab2"
}
[1722174733.077][INFO]: [b25dd7e120f7221e4330d700b0decab2] COMMAND MaximizeWindow {
}
[1722174733.077][INFO]: Waiting for pending navigations...
[1722174733.082][INFO]: Done waiting for pending navigations. Status: ok
[1722174733.127][INFO]: Waiting for pending navigations...
[1722174733.128][INFO]: Done waiting for pending navigations. Status: ok
[1722174733.128][INFO]: [b25dd7e120f7221e4330d700b0decab2] RESPONSE MaximizeWindow {
   "height": 736,
   "width": 1296,
   "x": -8,
   "y": -8
}
[1722174733.148][INFO]: [b25dd7e120f7221e4330d700b0decab2] COMMAND Navigate {
   "url": "https://www.youtube.com/"
}
[1722174733.148][INFO]: Waiting for pending navigations...
[1722174733.149][INFO]: Done waiting for pending navigations. Status: ok
[1722174733.528][INFO]: Waiting for pending navigations...
[1722174738.599][INFO]: Done waiting for pending navigations. Status: ok
[1722174738.599][INFO]: [b25dd7e120f7221e4330d700b0decab2] RESPONSE Navigate
[1722174740.641][INFO]: [b25dd7e120f7221e4330d700b0decab2] COMMAND GetUrl {
}
[1722174740.642][INFO]: Waiting for pending navigations...
[1722174740.643][INFO]: Done waiting for pending navigations. Status: ok
[1722174740.652][INFO]: Waiting for pending navigations...
[1722174740.654][INFO]: Done waiting for pending navigations. Status: ok
[1722174740.654][INFO]: [b25dd7e120f7221e4330d700b0decab2] RESPONSE GetUrl "https://www.youtube.com/"
[1722174740.659][INFO]: [b25dd7e120f7221e4330d700b0decab2] COMMAND GetUrl {
}
[1722174740.659][INFO]: Waiting for pending navigations...
[1722174740.660][INFO]: Done waiting for pending navigations. Status: ok
[1722174740.664][INFO]: Waiting for pending navigations...
[1722174740.665][INFO]: Done waiting for pending navigations. Status: ok
[1722174740.665][INFO]: [b25dd7e120f7221e4330d700b0decab2] RESPONSE GetUrl "https://www.youtube.com/"
[1722174740.674][INFO]: [b25dd7e120f7221e4330d700b0decab2] COMMAND FindElement {
   "using": "css selector",
   "value": "#guide\\-button"
}
[1722174740.674][INFO]: Waiting for pending navigations...
[1722174740.676][INFO]: Done waiting for pending navigations. Status: ok
[1722174740.690][INFO]: Waiting for pending navigations...
[1722174740.691][INFO]: Done waiting for pending navigations. Status: ok
[1722174740.691][INFO]: [b25dd7e120f7221e4330d700b0decab2] RESPONSE FindElement {
   "element-6066-11e4-a52e-4f735466cecf": "f.AE684144AEADECA36DE01020A002A39F.d.F3AB8CF48C1C796B0596114A639327B7.e.25"
}
[1722174740.699][INFO]: [b25dd7e120f7221e4330d700b0decab2] COMMAND ClickElement {
   "id": "f.AE684144AEADECA36DE01020A002A39F.d.F3AB8CF48C1C796B0596114A639327B7.e.25"
}
[1722174740.699][INFO]: Waiting for pending navigations...
[1722174740.701][INFO]: Done waiting for pending navigations. Status: ok
[1722174740.869][INFO]: Waiting for pending navigations...
[1722174740.874][INFO]: Done waiting for pending navigations. Status: ok
[1722174740.874][INFO]: [b25dd7e120f7221e4330d700b0decab2] RESPONSE ClickElement
[1722174740.902][INFO]: [b25dd7e120f7221e4330d700b0decab2] COMMAND PerformActions {
   "actions": [ {
      "actions": [ {
         "type": "keyDown",
         "value": ""
      }, {
         "type": "keyUp",
         "value": ""
      } ],
      "id": "default keyboard",
      "type": "key"
   } ]
}
[1722174740.903][INFO]: Waiting for pending navigations...
[1722174740.940][INFO]: Done waiting for pending navigations. Status: ok
[1722174740.945][INFO]: Waiting for pending navigations...
[1722174740.948][INFO]: Done waiting for pending navigations. Status: ok
[1722174740.948][INFO]: [b25dd7e120f7221e4330d700b0decab2] RESPONSE PerformActions
[1722174740.955][INFO]: [b25dd7e120f7221e4330d700b0decab2] COMMAND FindElement {
   "using": "xpath",
   "value": "//a[@href='https://www.youtube.com/about/' and contains(text(),'About')]"
}
[1722174740.955][INFO]: Waiting for pending navigations...
[1722174740.956][INFO]: Done waiting for pending navigations. Status: ok
[1722174740.972][INFO]: Waiting for pending navigations...
[1722174740.973][INFO]: Done waiting for pending navigations. Status: ok
[1722174740.973][INFO]: [b25dd7e120f7221e4330d700b0decab2] RESPONSE FindElement {
   "element-6066-11e4-a52e-4f735466cecf": "f.AE684144AEADECA36DE01020A002A39F.d.F3AB8CF48C1C796B0596114A639327B7.e.28"
}
[1722174740.989][INFO]: [b25dd7e120f7221e4330d700b0decab2] COMMAND PerformActions {
   "actions": [ {
      "actions": [ {
         "duration": 100,
         "origin": {
            "element-6066-11e4-a52e-4f735466cecf": "f.AE684144AEADECA36DE01020A002A39F.d.F3AB8CF48C1C796B0596114A639327B7.e.28"
         },
         "type": "pointerMove",
         "x": 0,
         "y": 0
      } ],
      "id": "default mouse",
      "parameters": {
         "pointerType": "mouse"
      },
      "type": "pointer"
   } ]
}
[1722174740.989][INFO]: Waiting for pending navigations...
[1722174740.990][INFO]: Done waiting for pending navigations. Status: ok
[1722174741.150][INFO]: Waiting for pending navigations...
[1722174741.151][INFO]: Done waiting for pending navigations. Status: ok
[1722174741.151][INFO]: [b25dd7e120f7221e4330d700b0decab2] RESPONSE PerformActions
[1722174741.154][INFO]: [b25dd7e120f7221e4330d700b0decab2] COMMAND ClickElement {
   "id": "f.AE684144AEADECA36DE01020A002A39F.d.F3AB8CF48C1C796B0596114A639327B7.e.28"
}
[1722174741.155][INFO]: Waiting for pending navigations...
[1722174741.156][INFO]: Done waiting for pending navigations. Status: ok
[1722174741.255][INFO]: Waiting for pending navigations...
[1722174742.570][INFO]: Done waiting for pending navigations. Status: ok
[1722174742.570][INFO]: [b25dd7e120f7221e4330d700b0decab2] RESPONSE ClickElement
[1722174745.579][INFO]: [b25dd7e120f7221e4330d700b0decab2] COMMAND FindElement {
   "using": "css selector",
   "value": "#content"
}
[1722174745.579][INFO]: Waiting for pending navigations...
[1722174745.580][INFO]: Done waiting for pending navigations. Status: ok
[1722174745.590][INFO]: Waiting for pending navigations...
[1722174745.591][INFO]: Done waiting for pending navigations. Status: ok
[1722174745.591][INFO]: [b25dd7e120f7221e4330d700b0decab2] RESPONSE FindElement {
   "element-6066-11e4-a52e-4f735466cecf": "f.AE684144AEADECA36DE01020A002A39F.d.F1E59DD10D6EBABB7BBF1F0AAABA4023.e.3"
}
[1722174745.595][INFO]: [b25dd7e120f7221e4330d700b0decab2] COMMAND GetElementText {
   "id": "f.AE684144AEADECA36DE01020A002A39F.d.F1E59DD10D6EBABB7BBF1F0AAABA4023.e.3"
}
[1722174745.595][INFO]: Waiting for pending navigations...
[1722174745.596][INFO]: Done waiting for pending navigations. Status: ok
[1722174745.611][INFO]: Waiting for pending navigations...
[1722174745.612][INFO]: Done waiting for pending navigations. Status: ok
[1722174745.612][INFO]: [b25dd7e120f7221e4330d700b0decab2] RESPONSE GetElementText "About YouTube\nOur mission is to give everyone a voice and show them the world.\nWe believe that everyone deserves to have a voice, and that the world is a better place when we listen, share and buil..."
[1722174745.635][INFO]: [b25dd7e120f7221e4330d700b0decab2] COMMAND Navigate {
   "url": "https://www.youtube.com/"
}
[1722174745.635][INFO]: Waiting for pending navigations...
[1722174745.636][INFO]: Done waiting for pending navigations. Status: ok
[1722174745.857][INFO]: Waiting for pending navigations...
[1722174747.767][INFO]: Done waiting for pending navigations. Status: ok
[1722174747.767][INFO]: [b25dd7e120f7221e4330d700b0decab2] RESPONSE Navigate
[1722174749.783][INFO]: [b25dd7e120f7221e4330d700b0decab2] COMMAND GetUrl {
}
[1722174749.784][INFO]: Waiting for pending navigations...
[1722174749.785][INFO]: Done waiting for pending navigations. Status: ok
[1722174749.791][INFO]: Waiting for pending navigations...
[1722174749.793][INFO]: Done waiting for pending navigations. Status: ok
[1722174749.793][INFO]: [b25dd7e120f7221e4330d700b0decab2] RESPONSE GetUrl "https://www.youtube.com/"
[1722174749.797][INFO]: [b25dd7e120f7221e4330d700b0decab2] COMMAND FindElement {
   "using": "css selector",
   "value": "#guide\\-button"
}
[1722174749.797][INFO]: Waiting for pending navigations...
[1722174749.798][INFO]: Done waiting for pending navigations. Status: ok
[1722174749.814][INFO]: Waiting for pending navigations...
[1722174749.816][INFO]: Done waiting for pending navigations. Status: ok
[1722174749.816][INFO]: [b25dd7e120f7221e4330d700b0decab2] RESPONSE FindElement {
   "element-6066-11e4-a52e-4f735466cecf": "f.AE684144AEADECA36DE01020A002A39F.d.1C72F145D404B6582764334EC390C792.e.17"
}
[1722174749.820][INFO]: [b25dd7e120f7221e4330d700b0decab2] COMMAND ClickElement {
   "id": "f.AE684144AEADECA36DE01020A002A39F.d.1C72F145D404B6582764334EC390C792.e.17"
}
[1722174749.820][INFO]: Waiting for pending navigations...
[1722174749.821][INFO]: Done waiting for pending navigations. Status: ok
[1722174750.020][INFO]: Waiting for pending navigations...
[1722174750.046][INFO]: Done waiting for pending navigations. Status: ok
[1722174750.046][INFO]: [b25dd7e120f7221e4330d700b0decab2] RESPONSE ClickElement
[1722174750.058][INFO]: [b25dd7e120f7221e4330d700b0decab2] COMMAND PerformActions {
   "actions": [ {
      "actions": [ {
         "type": "keyDown",
         "value": ""
      }, {
         "type": "keyUp",
         "value": ""
      } ],
      "id": "default keyboard",
      "type": "key"
   } ]
}
[1722174750.058][INFO]: Waiting for pending navigations...
[1722174750.059][INFO]: Done waiting for pending navigations. Status: ok
[1722174750.134][INFO]: Waiting for pending navigations...
[1722174750.135][INFO]: Done waiting for pending navigations. Status: ok
[1722174750.135][INFO]: [b25dd7e120f7221e4330d700b0decab2] RESPONSE PerformActions
[1722174750.143][INFO]: [b25dd7e120f7221e4330d700b0decab2] COMMAND FindElement {
   "using": "xpath",
   "value": "//*[@class='title style-scope ytd-guide-entry-renderer' and contains(text(),'Movies')]"
}
[1722174750.143][INFO]: Waiting for pending navigations...
[1722174750.146][INFO]: Done waiting for pending navigations. Status: ok
[1722174750.170][INFO]: Waiting for pending navigations...
[1722174750.171][INFO]: Done waiting for pending navigations. Status: ok
[1722174750.171][INFO]: [b25dd7e120f7221e4330d700b0decab2] RESPONSE FindElement {
   "element-6066-11e4-a52e-4f735466cecf": "f.AE684144AEADECA36DE01020A002A39F.d.1C72F145D404B6582764334EC390C792.e.20"
}
[1722174750.186][INFO]: [b25dd7e120f7221e4330d700b0decab2] COMMAND PerformActions {
   "actions": [ {
      "actions": [ {
         "duration": 100,
         "origin": {
            "element-6066-11e4-a52e-4f735466cecf": "f.AE684144AEADECA36DE01020A002A39F.d.1C72F145D404B6582764334EC390C792.e.20"
         },
         "type": "pointerMove",
         "x": 0,
         "y": 0
      } ],
      "id": "default mouse",
      "parameters": {
         "pointerType": "mouse"
      },
      "type": "pointer"
   } ]
}
[1722174750.186][INFO]: Waiting for pending navigations...
[1722174750.187][INFO]: Done waiting for pending navigations. Status: ok
[1722174750.334][INFO]: Waiting for pending navigations...
[1722174750.335][INFO]: Done waiting for pending navigations. Status: ok
[1722174750.336][INFO]: [b25dd7e120f7221e4330d700b0decab2] RESPONSE PerformActions
[1722174750.339][INFO]: [b25dd7e120f7221e4330d700b0decab2] COMMAND ClickElement {
   "id": "f.AE684144AEADECA36DE01020A002A39F.d.1C72F145D404B6582764334EC390C792.e.20"
}
[1722174750.339][INFO]: Waiting for pending navigations...
[1722174750.340][INFO]: Done waiting for pending navigations. Status: ok
[1722174750.427][INFO]: Waiting for pending navigations...
[1722174750.455][INFO]: Done waiting for pending navigations. Status: ok
[1722174750.455][INFO]: [b25dd7e120f7221e4330d700b0decab2] RESPONSE ClickElement
[1722174753.486][INFO]: [b25dd7e120f7221e4330d700b0decab2] COMMAND FindElements {
   "using": "xpath",
   "value": "//div[@class='badge badge-style-type-simple style-scope ytd-badge-supported-renderer style-scope ytd-badge-supported-renderer']"
}
[1722174753.486][INFO]: Waiting for pending navigations...
[1722174753.490][INFO]: Done waiting for pending navigations. Status: ok
[1722174753.561][INFO]: Waiting for pending navigations...
[1722174753.563][INFO]: Done waiting for pending navigations. Status: ok
[1722174753.563][INFO]: [b25dd7e120f7221e4330d700b0decab2] RESPONSE FindElements [  ]
[1722174753.572][INFO]: [b25dd7e120f7221e4330d700b0decab2] COMMAND FindElements {
   "using": "xpath",
   "value": "//span[@class='grid-movie-renderer-metadata style-scope ytd-grid-movie-renderer']"
}
[1722174753.572][INFO]: Waiting for pending navigations...
[1722174753.574][INFO]: Done waiting for pending navigations. Status: ok
[1722174753.593][INFO]: Waiting for pending navigations...
[1722174753.594][INFO]: Done waiting for pending navigations. Status: ok
[1722174753.594][INFO]: [b25dd7e120f7221e4330d700b0decab2] RESPONSE FindElements [ {
   "element-6066-11e4-a52e-4f735466cecf": "f.AE684144AEADECA36DE01020A002A39F.d.1C72F145D404B6582764334EC390C792.e.44"
}, {
   "element-6066-11e4-a52e-4f735466cecf": "f.AE684144AEADECA36DE01020A002A39F.d.1C72F145D404B6582764334EC390C792.e.45"
}, {
   "element-6066-11e4-a52e-4f735466cecf": "f.AE684144AEADECA36DE01020A002A39F.d.1C72F145D404B6582764334EC390C792.e.46"
}, {
   "element-6066-11e4-a52e-4f735466cecf": "f.AE684144AEADECA36DE01020A002A39F.d.1C72F145D404B6582764334EC390C792.e.47"
}, {
   "element-6066-11e4-a52e-4f735466cecf": "f.AE684144AEADECA36DE01020A002A39F.d.1C72F145D404B6582764334EC390C792.e.48"
}, {
   "element-6066-11e4-a52e-4f735466cecf": "f.AE684144AEADECA36DE01020A002A39F.d.1C72F145D404B6582764334EC390C792.e.49"
} ]
[1722174753.599][INFO]: [b25dd7e120f7221e4330d700b0decab2] COMMAND GetElementText {
   "id": "f.AE684144AEADECA36DE01020A002A39F.d.1C72F145D404B6582764334EC390C792.e.44"
}
[1722174753.599][INFO]: Waiting for pending navigations...
[1722174753.600][INFO]: Done waiting for pending navigations. Status: ok
[1722174753.617][INFO]: Waiting for pending navigations...
[1722174753.617][INFO]: Done waiting for pending navigations. Status: ok
[1722174753.617][INFO]: [b25dd7e120f7221e4330d700b0decab2] RESPONSE GetElementText "Action & adventure • 2024"
[1722174753.621][INFO]: [b25dd7e120f7221e4330d700b0decab2] COMMAND GetElementText {
   "id": "f.AE684144AEADECA36DE01020A002A39F.d.1C72F145D404B6582764334EC390C792.e.45"
}
[1722174753.621][INFO]: Waiting for pending navigations...
[1722174753.622][INFO]: Done waiting for pending navigations. Status: ok
[1722174753.634][INFO]: Waiting for pending navigations...
[1722174753.634][INFO]: Done waiting for pending navigations. Status: ok
[1722174753.634][INFO]: [b25dd7e120f7221e4330d700b0decab2] RESPONSE GetElementText "Action & adventure • 2024"
[1722174753.639][INFO]: [b25dd7e120f7221e4330d700b0decab2] COMMAND GetElementText {
   "id": "f.AE684144AEADECA36DE01020A002A39F.d.1C72F145D404B6582764334EC390C792.e.46"
}
[1722174753.639][INFO]: Waiting for pending navigations...
[1722174753.640][INFO]: Done waiting for pending navigations. Status: ok
[1722174753.652][INFO]: Waiting for pending navigations...
[1722174753.653][INFO]: Done waiting for pending navigations. Status: ok
[1722174753.653][INFO]: [b25dd7e120f7221e4330d700b0decab2] RESPONSE GetElementText "Action & adventure • 2024"
[1722174753.657][INFO]: [b25dd7e120f7221e4330d700b0decab2] COMMAND GetElementText {
   "id": "f.AE684144AEADECA36DE01020A002A39F.d.1C72F145D404B6582764334EC390C792.e.47"
}
[1722174753.657][INFO]: Waiting for pending navigations...
[1722174753.658][INFO]: Done waiting for pending navigations. Status: ok
[1722174753.671][INFO]: Waiting for pending navigations...
[1722174753.672][INFO]: Done waiting for pending navigations. Status: ok
[1722174753.672][INFO]: [b25dd7e120f7221e4330d700b0decab2] RESPONSE GetElementText "Action & adventure • 2013"
[1722174753.678][INFO]: [b25dd7e120f7221e4330d700b0decab2] COMMAND GetElementText {
   "id": "f.AE684144AEADECA36DE01020A002A39F.d.1C72F145D404B6582764334EC390C792.e.48"
}
[1722174753.678][INFO]: Waiting for pending navigations...
[1722174753.679][INFO]: Done waiting for pending navigations. Status: ok
[1722174753.689][INFO]: Waiting for pending navigations...
[1722174753.690][INFO]: Done waiting for pending navigations. Status: ok
[1722174753.690][INFO]: [b25dd7e120f7221e4330d700b0decab2] RESPONSE GetElementText "Drama • 2013"
[1722174753.695][INFO]: [b25dd7e120f7221e4330d700b0decab2] COMMAND GetElementText {
   "id": "f.AE684144AEADECA36DE01020A002A39F.d.1C72F145D404B6582764334EC390C792.e.49"
}
[1722174753.695][INFO]: Waiting for pending navigations...
[1722174753.696][INFO]: Done waiting for pending navigations. Status: ok
[1722174753.706][INFO]: Waiting for pending navigations...
[1722174753.706][INFO]: Done waiting for pending navigations. Status: ok
[1722174753.707][INFO]: [b25dd7e120f7221e4330d700b0decab2] RESPONSE GetElementText ""
[1722174753.712][INFO]: [b25dd7e120f7221e4330d700b0decab2] COMMAND Navigate {
   "url": "https://www.youtube.com/"
}
[1722174753.712][INFO]: Waiting for pending navigations...
[1722174753.713][INFO]: Done waiting for pending navigations. Status: ok
[1722174753.920][INFO]: Waiting for pending navigations...
[1722174755.784][INFO]: Done waiting for pending navigations. Status: ok
[1722174755.784][INFO]: [b25dd7e120f7221e4330d700b0decab2] RESPONSE Navigate
[1722174757.792][INFO]: [b25dd7e120f7221e4330d700b0decab2] COMMAND GetUrl {
}
[1722174757.792][INFO]: Waiting for pending navigations...
[1722174757.793][INFO]: Done waiting for pending navigations. Status: ok
[1722174757.797][INFO]: Waiting for pending navigations...
[1722174757.798][INFO]: Done waiting for pending navigations. Status: ok
[1722174757.798][INFO]: [b25dd7e120f7221e4330d700b0decab2] RESPONSE GetUrl "https://www.youtube.com/"
[1722174757.802][INFO]: [b25dd7e120f7221e4330d700b0decab2] COMMAND FindElement {
   "using": "css selector",
   "value": "#guide\\-button"
}
[1722174757.802][INFO]: Waiting for pending navigations...
[1722174757.803][INFO]: Done waiting for pending navigations. Status: ok
[1722174757.812][INFO]: Waiting for pending navigations...
[1722174757.813][INFO]: Done waiting for pending navigations. Status: ok
[1722174757.813][INFO]: [b25dd7e120f7221e4330d700b0decab2] RESPONSE FindElement {
   "element-6066-11e4-a52e-4f735466cecf": "f.AE684144AEADECA36DE01020A002A39F.d.EAB7ACE9DE78B3F94764E0BF82716ED5.e.66"
}
[1722174757.817][INFO]: [b25dd7e120f7221e4330d700b0decab2] COMMAND ClickElement {
   "id": "f.AE684144AEADECA36DE01020A002A39F.d.EAB7ACE9DE78B3F94764E0BF82716ED5.e.66"
}
[1722174757.817][INFO]: Waiting for pending navigations...
[1722174757.818][INFO]: Done waiting for pending navigations. Status: ok
[1722174758.030][INFO]: Waiting for pending navigations...
[1722174758.111][INFO]: Done waiting for pending navigations. Status: ok
[1722174758.111][INFO]: [b25dd7e120f7221e4330d700b0decab2] RESPONSE ClickElement
[1722174758.151][INFO]: [b25dd7e120f7221e4330d700b0decab2] COMMAND PerformActions {
   "actions": [ {
      "actions": [ {
         "type": "keyDown",
         "value": ""
      }, {
         "type": "keyUp",
         "value": ""
      } ],
      "id": "default keyboard",
      "type": "key"
   } ]
}
[1722174758.151][INFO]: Waiting for pending navigations...
[1722174758.164][INFO]: Done waiting for pending navigations. Status: ok
[1722174758.231][INFO]: Waiting for pending navigations...
[1722174758.247][INFO]: Done waiting for pending navigations. Status: ok
[1722174758.248][INFO]: [b25dd7e120f7221e4330d700b0decab2] RESPONSE PerformActions
[1722174758.261][INFO]: [b25dd7e120f7221e4330d700b0decab2] COMMAND FindElement {
   "using": "xpath",
   "value": "//*[@class='title style-scope ytd-guide-entry-renderer' and text()='Music']"
}
[1722174758.261][INFO]: Waiting for pending navigations...
[1722174758.262][INFO]: Done waiting for pending navigations. Status: ok
[1722174758.279][INFO]: Waiting for pending navigations...
[1722174758.280][INFO]: Done waiting for pending navigations. Status: ok
[1722174758.280][INFO]: [b25dd7e120f7221e4330d700b0decab2] RESPONSE FindElement {
   "element-6066-11e4-a52e-4f735466cecf": "f.AE684144AEADECA36DE01020A002A39F.d.EAB7ACE9DE78B3F94764E0BF82716ED5.e.68"
}
[1722174758.288][INFO]: [b25dd7e120f7221e4330d700b0decab2] COMMAND PerformActions {
   "actions": [ {
      "actions": [ {
         "duration": 100,
         "origin": {
            "element-6066-11e4-a52e-4f735466cecf": "f.AE684144AEADECA36DE01020A002A39F.d.EAB7ACE9DE78B3F94764E0BF82716ED5.e.68"
         },
         "type": "pointerMove",
         "x": 0,
         "y": 0
      } ],
      "id": "default mouse",
      "parameters": {
         "pointerType": "mouse"
      },
      "type": "pointer"
   } ]
}
[1722174758.288][INFO]: Waiting for pending navigations...
[1722174758.289][INFO]: Done waiting for pending navigations. Status: ok
[1722174758.427][INFO]: Waiting for pending navigations...
[1722174758.428][INFO]: Done waiting for pending navigations. Status: ok
[1722174758.428][INFO]: [b25dd7e120f7221e4330d700b0decab2] RESPONSE PerformActions
[1722174758.433][INFO]: [b25dd7e120f7221e4330d700b0decab2] COMMAND ClickElement {
   "id": "f.AE684144AEADECA36DE01020A002A39F.d.EAB7ACE9DE78B3F94764E0BF82716ED5.e.68"
}
[1722174758.433][INFO]: Waiting for pending navigations...
[1722174758.434][INFO]: Done waiting for pending navigations. Status: ok
[1722174758.524][INFO]: Waiting for pending navigations...
[1722174758.551][INFO]: Done waiting for pending navigations. Status: ok
[1722174758.551][INFO]: [b25dd7e120f7221e4330d700b0decab2] RESPONSE ClickElement
[1722174761.567][INFO]: [b25dd7e120f7221e4330d700b0decab2] COMMAND FindElements {
   "using": "css selector",
   "value": "#video\\-count\\-text"
}
[1722174761.567][INFO]: Waiting for pending navigations...
[1722174761.568][INFO]: Done waiting for pending navigations. Status: ok
[1722174761.590][INFO]: Waiting for pending navigations...
[1722174761.592][INFO]: Done waiting for pending navigations. Status: ok
[1722174761.592][INFO]: [b25dd7e120f7221e4330d700b0decab2] RESPONSE FindElements [ {
   "element-6066-11e4-a52e-4f735466cecf": "f.AE684144AEADECA36DE01020A002A39F.d.EAB7ACE9DE78B3F94764E0BF82716ED5.e.97"
}, {
   "element-6066-11e4-a52e-4f735466cecf": "f.AE684144AEADECA36DE01020A002A39F.d.EAB7ACE9DE78B3F94764E0BF82716ED5.e.98"
}, {
   "element-6066-11e4-a52e-4f735466cecf": "f.AE684144AEADECA36DE01020A002A39F.d.EAB7ACE9DE78B3F94764E0BF82716ED5.e.99"
}, {
   "element-6066-11e4-a52e-4f735466cecf": "f.AE684144AEADECA36DE01020A002A39F.d.EAB7ACE9DE78B3F94764E0BF82716ED5.e.100"
}, {
   "element-6066-11e4-a52e-4f735466cecf": "f.AE684144AEADECA36DE01020A002A39F.d.EAB7ACE9DE78B3F94764E0BF82716ED5.e.101"
}, {
   "element-6066-11e4-a52e-4f735466cecf": "f.AE684144AEADECA36DE01020A002A39F.d.EAB7ACE9DE78B3F94764E0BF82716ED5.e.102"
}, {
   "element-6066-11e4-a52e-4f735466cecf": "f.AE684144AEADECA36DE01020A002A39F.d.EAB7ACE9DE78B3F94764E0BF82716ED5.e.103"
}, {
   "element-6066-11e4-a52e-4f735466cecf": "f.AE684144AEADECA36DE01020A002A39F.d.EAB7ACE9DE78B3F94764E0BF82716ED5.e.104"
}, {
   "element-6066-11e4-a52e-4f735466cecf": "f.AE684144AEADECA36DE01020A002A39F.d.EAB7ACE9DE78B3F94764E0BF82716ED5.e.105"
}, {
   "element-6066-11e4-a52e-4f735466cecf": "f.AE684144AEADECA36DE01020A002A39F.d.EAB7ACE9DE78B3F94764E0BF82716ED5.e.106"
}, {
   "element-6066-11e4-a52e-4f735466cecf": "f.AE684144AEADECA36DE01020A002A39F.d.EAB7ACE9DE78B3F94764E0BF82716ED5.e.107"
}, {
   "element-6066-11e4-a52e-4f735466cecf": "f.AE684144AEADECA36DE01020A002A39F.d.EAB7ACE9DE78B3F94764E0BF82716ED5.e.108"
}, {
   "element-6066-11e4-a52e-4f735466cecf": "f.AE684144AEADECA36DE01020A002A39F.d.EAB7ACE9DE78B3F94764E0BF82716ED5.e.109"
}, {
   "element-6066-11e4-a52e-4f735466cecf": "f.AE684144AEADECA36DE01020A002A39F.d.EAB7ACE9DE78B3F94764E0BF82716ED5.e.110"
}, {
   "element-6066-11e4-a52e-4f735466cecf": "f.AE684144AEADECA36DE01020A002A39F.d.EAB7ACE9DE78B3F94764E0BF82716ED5.e.111"
}, {
   "element-6066-11e4-a52e-4f735466cecf": "f.AE684144AEADECA36DE01020A002A39F.d.EAB7ACE9DE78B3F94764E0BF82716ED5.e.112"
}, {
   "element-6066-11e4-a52e-4f735466cecf": "f.AE684144AEADECA36DE01020A002A39F.d.EAB7ACE9DE78B3F94764E0BF82716ED5.e.113"
}, {
   "element-6066-11e4-a52e-4f735466cecf": "f.AE684144AEADECA36DE01020A002A39F.d.EAB7ACE9DE78B3F94764E0BF82716ED5.e.114"
}, {
   "element-6066-11e4-a52e-4f735466cecf": "f.AE684144AEADECA36DE01020A002A39F.d.EAB7ACE9DE78B3F94764E0BF82716ED5.e.115"
}, "..." ]
[1722174761.602][INFO]: [b25dd7e120f7221e4330d700b0decab2] COMMAND PerformActions {
   "actions": [ {
      "actions": [ {
         "duration": 100,
         "origin": {
            "element-6066-11e4-a52e-4f735466cecf": "f.AE684144AEADECA36DE01020A002A39F.d.EAB7ACE9DE78B3F94764E0BF82716ED5.e.144"
         },
         "type": "pointerMove",
         "x": 0,
         "y": 0
      } ],
      "id": "default mouse",
      "parameters": {
         "pointerType": "mouse"
      },
      "type": "pointer"
   } ]
}
[1722174761.602][INFO]: Waiting for pending navigations...
[1722174761.603][INFO]: Done waiting for pending navigations. Status: ok
[1722174761.736][INFO]: Waiting for pending navigations...
[1722174761.738][INFO]: Done waiting for pending navigations. Status: ok
[1722174761.738][INFO]: [b25dd7e120f7221e4330d700b0decab2] RESPONSE PerformActions
[1722174761.742][INFO]: [b25dd7e120f7221e4330d700b0decab2] COMMAND FindElement {
   "using": "xpath",
   "value": "//*[@id='video-count-text']/preceding::h3[1]"
}
[1722174761.742][INFO]: Waiting for pending navigations...
[1722174761.743][INFO]: Done waiting for pending navigations. Status: ok
[1722174761.771][INFO]: Waiting for pending navigations...
[1722174761.774][INFO]: Done waiting for pending navigations. Status: ok
[1722174761.774][INFO]: [b25dd7e120f7221e4330d700b0decab2] RESPONSE FindElement {
   "element-6066-11e4-a52e-4f735466cecf": "f.AE684144AEADECA36DE01020A002A39F.d.EAB7ACE9DE78B3F94764E0BF82716ED5.e.145"
}
[1722174761.780][INFO]: [b25dd7e120f7221e4330d700b0decab2] COMMAND GetElementText {
   "id": "f.AE684144AEADECA36DE01020A002A39F.d.EAB7ACE9DE78B3F94764E0BF82716ED5.e.145"
}
[1722174761.780][INFO]: Waiting for pending navigations...
[1722174761.781][INFO]: Done waiting for pending navigations. Status: ok
[1722174761.800][INFO]: Waiting for pending navigations...
[1722174761.801][INFO]: Done waiting for pending navigations. Status: ok
[1722174761.801][INFO]: [b25dd7e120f7221e4330d700b0decab2] RESPONSE GetElementText "Bollywood Hitlist"
[1722174761.810][INFO]: [b25dd7e120f7221e4330d700b0decab2] COMMAND FindElement {
   "using": "css selector",
   "value": "#video\\-count\\-text"
}
[1722174761.810][INFO]: Waiting for pending navigations...
[1722174761.811][INFO]: Done waiting for pending navigations. Status: ok
[1722174761.831][INFO]: Waiting for pending navigations...
[1722174761.840][INFO]: Done waiting for pending navigations. Status: ok
[1722174761.840][INFO]: [b25dd7e120f7221e4330d700b0decab2] RESPONSE FindElement {
   "element-6066-11e4-a52e-4f735466cecf": "f.AE684144AEADECA36DE01020A002A39F.d.EAB7ACE9DE78B3F94764E0BF82716ED5.e.97"
}
[1722174761.851][INFO]: [b25dd7e120f7221e4330d700b0decab2] COMMAND GetElementText {
   "id": "f.AE684144AEADECA36DE01020A002A39F.d.EAB7ACE9DE78B3F94764E0BF82716ED5.e.97"
}
[1722174761.851][INFO]: Waiting for pending navigations...
[1722174761.852][INFO]: Done waiting for pending navigations. Status: ok
[1722174761.881][INFO]: Waiting for pending navigations...
[1722174761.882][INFO]: Done waiting for pending navigations. Status: ok
[1722174761.882][INFO]: [b25dd7e120f7221e4330d700b0decab2] RESPONSE GetElementText "50 tracks"
[1722174761.893][INFO]: [b25dd7e120f7221e4330d700b0decab2] COMMAND Navigate {
   "url": "https://www.youtube.com/"
}
[1722174761.893][INFO]: Waiting for pending navigations...
[1722174761.896][INFO]: Done waiting for pending navigations. Status: ok
[1722174762.221][INFO]: Waiting for pending navigations...
[1722174763.723][INFO]: Done waiting for pending navigations. Status: ok
[1722174763.723][INFO]: [b25dd7e120f7221e4330d700b0decab2] RESPONSE Navigate
[1722174765.737][INFO]: [b25dd7e120f7221e4330d700b0decab2] COMMAND GetUrl {
}
[1722174765.737][INFO]: Waiting for pending navigations...
[1722174765.738][INFO]: Done waiting for pending navigations. Status: ok
[1722174765.744][INFO]: Waiting for pending navigations...
[1722174765.745][INFO]: Done waiting for pending navigations. Status: ok
[1722174765.745][INFO]: [b25dd7e120f7221e4330d700b0decab2] RESPONSE GetUrl "https://www.youtube.com/"
[1722174765.750][INFO]: [b25dd7e120f7221e4330d700b0decab2] COMMAND FindElement {
   "using": "css selector",
   "value": "#guide\\-button"
}
[1722174765.750][INFO]: Waiting for pending navigations...
[1722174765.751][INFO]: Done waiting for pending navigations. Status: ok
[1722174765.766][INFO]: Waiting for pending navigations...
[1722174765.767][INFO]: Done waiting for pending navigations. Status: ok
[1722174765.767][INFO]: [b25dd7e120f7221e4330d700b0decab2] RESPONSE FindElement {
   "element-6066-11e4-a52e-4f735466cecf": "f.AE684144AEADECA36DE01020A002A39F.d.0586E3884DF0F5FBC4B516E1C4F2DC2C.e.162"
}
[1722174765.773][INFO]: [b25dd7e120f7221e4330d700b0decab2] COMMAND ClickElement {
   "id": "f.AE684144AEADECA36DE01020A002A39F.d.0586E3884DF0F5FBC4B516E1C4F2DC2C.e.162"
}
[1722174765.773][INFO]: Waiting for pending navigations...
[1722174765.774][INFO]: Done waiting for pending navigations. Status: ok
[1722174765.927][INFO]: Waiting for pending navigations...
[1722174765.931][INFO]: Done waiting for pending navigations. Status: ok
[1722174765.932][INFO]: [b25dd7e120f7221e4330d700b0decab2] RESPONSE ClickElement
[1722174765.947][INFO]: [b25dd7e120f7221e4330d700b0decab2] COMMAND PerformActions {
   "actions": [ {
      "actions": [ {
         "type": "keyDown",
         "value": ""
      }, {
         "type": "keyUp",
         "value": ""
      } ],
      "id": "default keyboard",
      "type": "key"
   } ]
}
[1722174765.947][INFO]: Waiting for pending navigations...
[1722174765.993][INFO]: Done waiting for pending navigations. Status: ok
[1722174765.998][INFO]: Waiting for pending navigations...
[1722174765.998][INFO]: Done waiting for pending navigations. Status: ok
[1722174765.998][INFO]: [b25dd7e120f7221e4330d700b0decab2] RESPONSE PerformActions
[1722174766.006][INFO]: [b25dd7e120f7221e4330d700b0decab2] COMMAND FindElement {
   "using": "xpath",
   "value": "//*[@class='title style-scope ytd-guide-entry-renderer' and text()='News']"
}
[1722174766.006][INFO]: Waiting for pending navigations...
[1722174766.014][INFO]: Done waiting for pending navigations. Status: ok
[1722174766.032][INFO]: Waiting for pending navigations...
[1722174766.033][INFO]: Done waiting for pending navigations. Status: ok
[1722174766.033][INFO]: [b25dd7e120f7221e4330d700b0decab2] RESPONSE FindElement {
   "element-6066-11e4-a52e-4f735466cecf": "f.AE684144AEADECA36DE01020A002A39F.d.0586E3884DF0F5FBC4B516E1C4F2DC2C.e.164"
}
[1722174766.041][INFO]: [b25dd7e120f7221e4330d700b0decab2] COMMAND PerformActions {
   "actions": [ {
      "actions": [ {
         "duration": 100,
         "origin": {
            "element-6066-11e4-a52e-4f735466cecf": "f.AE684144AEADECA36DE01020A002A39F.d.0586E3884DF0F5FBC4B516E1C4F2DC2C.e.164"
         },
         "type": "pointerMove",
         "x": 0,
         "y": 0
      } ],
      "id": "default mouse",
      "parameters": {
         "pointerType": "mouse"
      },
      "type": "pointer"
   } ]
}
[1722174766.041][INFO]: Waiting for pending navigations...
[1722174766.041][INFO]: Done waiting for pending navigations. Status: ok
[1722174766.190][INFO]: Waiting for pending navigations...
[1722174766.191][INFO]: Done waiting for pending navigations. Status: ok
[1722174766.191][INFO]: [b25dd7e120f7221e4330d700b0decab2] RESPONSE PerformActions
[1722174766.194][INFO]: [b25dd7e120f7221e4330d700b0decab2] COMMAND ClickElement {
   "id": "f.AE684144AEADECA36DE01020A002A39F.d.0586E3884DF0F5FBC4B516E1C4F2DC2C.e.164"
}
[1722174766.194][INFO]: Waiting for pending navigations...
[1722174766.195][INFO]: Done waiting for pending navigations. Status: ok
[1722174766.271][INFO]: Waiting for pending navigations...
[1722174766.300][INFO]: Done waiting for pending navigations. Status: ok
[1722174766.300][INFO]: [b25dd7e120f7221e4330d700b0decab2] RESPONSE ClickElement
[1722174769.313][INFO]: [b25dd7e120f7221e4330d700b0decab2] COMMAND FindElements {
   "using": "xpath",
   "value": "//span[@id='title' and text()='Latest news posts']/ancestor::div[4]/following::div/div[@id='header']"
}
[1722174769.314][INFO]: Waiting for pending navigations...
[1722174771.082][INFO]: Done waiting for pending navigations. Status: ok
[1722174771.274][INFO]: Waiting for pending navigations...
[1722174771.293][INFO]: Done waiting for pending navigations. Status: ok
[1722174771.293][INFO]: [b25dd7e120f7221e4330d700b0decab2] RESPONSE FindElements [ {
   "element-6066-11e4-a52e-4f735466cecf": "f.AE684144AEADECA36DE01020A002A39F.d.0586E3884DF0F5FBC4B516E1C4F2DC2C.e.202"
}, {
   "element-6066-11e4-a52e-4f735466cecf": "f.AE684144AEADECA36DE01020A002A39F.d.0586E3884DF0F5FBC4B516E1C4F2DC2C.e.203"
}, {
   "element-6066-11e4-a52e-4f735466cecf": "f.AE684144AEADECA36DE01020A002A39F.d.0586E3884DF0F5FBC4B516E1C4F2DC2C.e.204"
} ]
[1722174771.296][INFO]: [b25dd7e120f7221e4330d700b0decab2] COMMAND GetElementText {
   "id": "f.AE684144AEADECA36DE01020A002A39F.d.0586E3884DF0F5FBC4B516E1C4F2DC2C.e.202"
}
[1722174771.296][INFO]: Waiting for pending navigations...
[1722174771.312][INFO]: Done waiting for pending navigations. Status: ok
[1722174771.394][INFO]: Waiting for pending navigations...
[1722174771.412][INFO]: Done waiting for pending navigations. Status: ok
[1722174771.412][INFO]: [b25dd7e120f7221e4330d700b0decab2] RESPONSE GetElementText "Asianet Suvarna News\n•\n1 hour ago"
[1722174771.419][INFO]: [b25dd7e120f7221e4330d700b0decab2] COMMAND FindChildElement {
   "id": "f.AE684144AEADECA36DE01020A002A39F.d.0586E3884DF0F5FBC4B516E1C4F2DC2C.e.202",
   "using": "xpath",
   "value": "//span[@id='title' and text()='Latest news posts']/ancestor::div[4]/following::div/div[@id='header']/following::div[1]"
}
[1722174771.419][INFO]: Waiting for pending navigations...
[1722174771.437][INFO]: Done waiting for pending navigations. Status: ok
[1722174771.549][INFO]: Waiting for pending navigations...
[1722174771.565][INFO]: Done waiting for pending navigations. Status: ok
[1722174771.565][INFO]: [b25dd7e120f7221e4330d700b0decab2] RESPONSE FindChildElement {
   "element-6066-11e4-a52e-4f735466cecf": "f.AE684144AEADECA36DE01020A002A39F.d.0586E3884DF0F5FBC4B516E1C4F2DC2C.e.205"
}
[1722174771.569][INFO]: [b25dd7e120f7221e4330d700b0decab2] COMMAND GetElementText {
   "id": "f.AE684144AEADECA36DE01020A002A39F.d.0586E3884DF0F5FBC4B516E1C4F2DC2C.e.205"
}
[1722174771.569][INFO]: Waiting for pending navigations...
[1722174771.582][INFO]: Done waiting for pending navigations. Status: ok
[1722174771.670][INFO]: Waiting for pending navigations...
[1722174771.686][INFO]: Done waiting for pending navigations. Status: ok
[1722174771.686][INFO]: [b25dd7e120f7221e4330d700b0decab2] RESPONSE GetElementText "ಒಲಿಂಪಿಕ್ಸ್‌ನಲ್ಲಿ ಪದಕ ಗೆದ್ದ ಭಾರತದ ಮೊದಲ ಮಹಿಳಾ ಶೂಟರ್‌ #ParisOlympics2024 #ManuBhaker"
[1722174771.690][INFO]: [b25dd7e120f7221e4330d700b0decab2] COMMAND FindChildElement {
   "id": "f.AE684144AEADECA36DE01020A002A39F.d.0586E3884DF0F5FBC4B516E1C4F2DC2C.e.202",
   "using": "xpath",
   "value": "//span[@id='title' and text()='Latest news posts']/ancestor::div[4]/following::div/div[@id='header']/following::div[12]/span[1]"
}
[1722174771.690][INFO]: Waiting for pending navigations...
[1722174771.709][INFO]: Done waiting for pending navigations. Status: ok
[1722174771.813][INFO]: Waiting for pending navigations...
[1722174771.815][INFO]: Done waiting for pending navigations. Status: ok
[1722174771.815][INFO]: [b25dd7e120f7221e4330d700b0decab2] RESPONSE FindChildElement {
   "element-6066-11e4-a52e-4f735466cecf": "f.AE684144AEADECA36DE01020A002A39F.d.0586E3884DF0F5FBC4B516E1C4F2DC2C.e.206"
}
[1722174771.820][INFO]: [b25dd7e120f7221e4330d700b0decab2] COMMAND GetElementText {
   "id": "f.AE684144AEADECA36DE01020A002A39F.d.0586E3884DF0F5FBC4B516E1C4F2DC2C.e.206"
}
[1722174771.820][INFO]: Waiting for pending navigations...
[1722174771.824][INFO]: Done waiting for pending navigations. Status: ok
[1722174771.861][INFO]: Waiting for pending navigations...
[1722174771.862][INFO]: Done waiting for pending navigations. Status: ok
[1722174771.862][INFO]: [b25dd7e120f7221e4330d700b0decab2] RESPONSE GetElementText ""
[1722174771.866][INFO]: [b25dd7e120f7221e4330d700b0decab2] COMMAND GetElementText {
   "id": "f.AE684144AEADECA36DE01020A002A39F.d.0586E3884DF0F5FBC4B516E1C4F2DC2C.e.203"
}
[1722174771.866][INFO]: Waiting for pending navigations...
[1722174771.868][INFO]: Done waiting for pending navigations. Status: ok
[1722174772.000][INFO]: Waiting for pending navigations...
[1722174772.008][INFO]: Done waiting for pending navigations. Status: ok
[1722174772.008][INFO]: [b25dd7e120f7221e4330d700b0decab2] RESPONSE GetElementText "Tv9 Kannada\n•\n23 hours ago"
[1722174772.012][INFO]: [b25dd7e120f7221e4330d700b0decab2] COMMAND FindChildElement {
   "id": "f.AE684144AEADECA36DE01020A002A39F.d.0586E3884DF0F5FBC4B516E1C4F2DC2C.e.203",
   "using": "xpath",
   "value": "//span[@id='title' and text()='Latest news posts']/ancestor::div[4]/following::div/div[@id='header']/following::div[1]"
}
[1722174772.012][INFO]: Waiting for pending navigations...
[1722174772.019][INFO]: Done waiting for pending navigations. Status: ok
[1722174772.079][INFO]: Waiting for pending navigations...
[1722174772.095][INFO]: Done waiting for pending navigations. Status: ok
[1722174772.095][INFO]: [b25dd7e120f7221e4330d700b0decab2] RESPONSE FindChildElement {
   "element-6066-11e4-a52e-4f735466cecf": "f.AE684144AEADECA36DE01020A002A39F.d.0586E3884DF0F5FBC4B516E1C4F2DC2C.e.205"
}
[1722174772.101][INFO]: [b25dd7e120f7221e4330d700b0decab2] COMMAND GetElementText {
   "id": "f.AE684144AEADECA36DE01020A002A39F.d.0586E3884DF0F5FBC4B516E1C4F2DC2C.e.205"
}
[1722174772.101][INFO]: Waiting for pending navigations...
[1722174772.110][INFO]: Done waiting for pending navigations. Status: ok
[1722174772.195][INFO]: Waiting for pending navigations...
[1722174772.196][INFO]: Done waiting for pending navigations. Status: ok
[1722174772.196][INFO]: [b25dd7e120f7221e4330d700b0decab2] RESPONSE GetElementText "ಒಲಿಂಪಿಕ್ಸ್‌ನಲ್ಲಿ ಪದಕ ಗೆದ್ದ ಭಾರತದ ಮೊದಲ ಮಹಿಳಾ ಶೂಟರ್‌ #ParisOlympics2024 #ManuBhaker"
[1722174772.200][INFO]: [b25dd7e120f7221e4330d700b0decab2] COMMAND FindChildElement {
   "id": "f.AE684144AEADECA36DE01020A002A39F.d.0586E3884DF0F5FBC4B516E1C4F2DC2C.e.203",
   "using": "xpath",
   "value": "//span[@id='title' and text()='Latest news posts']/ancestor::div[4]/following::div/div[@id='header']/following::div[12]/span[1]"
}
[1722174772.200][INFO]: Waiting for pending navigations...
[1722174772.223][INFO]: Done waiting for pending navigations. Status: ok
[1722174772.270][INFO]: Waiting for pending navigations...
[1722174772.279][INFO]: Done waiting for pending navigations. Status: ok
[1722174772.279][INFO]: [b25dd7e120f7221e4330d700b0decab2] RESPONSE FindChildElement {
   "element-6066-11e4-a52e-4f735466cecf": "f.AE684144AEADECA36DE01020A002A39F.d.0586E3884DF0F5FBC4B516E1C4F2DC2C.e.206"
}
[1722174772.282][INFO]: [b25dd7e120f7221e4330d700b0decab2] COMMAND GetElementText {
   "id": "f.AE684144AEADECA36DE01020A002A39F.d.0586E3884DF0F5FBC4B516E1C4F2DC2C.e.206"
}
[1722174772.282][INFO]: Waiting for pending navigations...
[1722174772.283][INFO]: Done waiting for pending navigations. Status: ok
[1722174772.292][INFO]: Waiting for pending navigations...
[1722174772.293][INFO]: Done waiting for pending navigations. Status: ok
[1722174772.293][INFO]: [b25dd7e120f7221e4330d700b0decab2] RESPONSE GetElementText ""
[1722174772.297][INFO]: [b25dd7e120f7221e4330d700b0decab2] COMMAND GetElementText {
   "id": "f.AE684144AEADECA36DE01020A002A39F.d.0586E3884DF0F5FBC4B516E1C4F2DC2C.e.204"
}
[1722174772.297][INFO]: Waiting for pending navigations...
[1722174772.298][INFO]: Done waiting for pending navigations. Status: ok
[1722174772.362][INFO]: Waiting for pending navigations...
[1722174772.371][INFO]: Done waiting for pending navigations. Status: ok
[1722174772.371][INFO]: [b25dd7e120f7221e4330d700b0decab2] RESPONSE GetElementText "Oneindia Kannada\n•\n2 days ago"
[1722174772.374][INFO]: [b25dd7e120f7221e4330d700b0decab2] COMMAND FindChildElement {
   "id": "f.AE684144AEADECA36DE01020A002A39F.d.0586E3884DF0F5FBC4B516E1C4F2DC2C.e.204",
   "using": "xpath",
   "value": "//span[@id='title' and text()='Latest news posts']/ancestor::div[4]/following::div/div[@id='header']/following::div[1]"
}
[1722174772.374][INFO]: Waiting for pending navigations...
[1722174772.375][INFO]: Done waiting for pending navigations. Status: ok
[1722174772.411][INFO]: Waiting for pending navigations...
[1722174772.417][INFO]: Done waiting for pending navigations. Status: ok
[1722174772.417][INFO]: [b25dd7e120f7221e4330d700b0decab2] RESPONSE FindChildElement {
   "element-6066-11e4-a52e-4f735466cecf": "f.AE684144AEADECA36DE01020A002A39F.d.0586E3884DF0F5FBC4B516E1C4F2DC2C.e.205"
}
[1722174772.420][INFO]: [b25dd7e120f7221e4330d700b0decab2] COMMAND GetElementText {
   "id": "f.AE684144AEADECA36DE01020A002A39F.d.0586E3884DF0F5FBC4B516E1C4F2DC2C.e.205"
}
[1722174772.420][INFO]: Waiting for pending navigations...
[1722174772.447][INFO]: Done waiting for pending navigations. Status: ok
[1722174772.467][INFO]: Waiting for pending navigations...
[1722174772.487][INFO]: Done waiting for pending navigations. Status: ok
[1722174772.487][INFO]: [b25dd7e120f7221e4330d700b0decab2] RESPONSE GetElementText "ಒಲಿಂಪಿಕ್ಸ್‌ನಲ್ಲಿ ಪದಕ ಗೆದ್ದ ಭಾರತದ ಮೊದಲ ಮಹಿಳಾ ಶೂಟರ್‌ #ParisOlympics2024 #ManuBhaker"
[1722174772.491][INFO]: [b25dd7e120f7221e4330d700b0decab2] COMMAND FindChildElement {
   "id": "f.AE684144AEADECA36DE01020A002A39F.d.0586E3884DF0F5FBC4B516E1C4F2DC2C.e.204",
   "using": "xpath",
   "value": "//span[@id='title' and text()='Latest news posts']/ancestor::div[4]/following::div/div[@id='header']/following::div[12]/span[1]"
}
[1722174772.491][INFO]: Waiting for pending navigations...
[1722174772.504][INFO]: Done waiting for pending navigations. Status: ok
[1722174772.544][INFO]: Waiting for pending navigations...
[1722174772.549][INFO]: Done waiting for pending navigations. Status: ok
[1722174772.549][INFO]: [b25dd7e120f7221e4330d700b0decab2] RESPONSE FindChildElement {
   "element-6066-11e4-a52e-4f735466cecf": "f.AE684144AEADECA36DE01020A002A39F.d.0586E3884DF0F5FBC4B516E1C4F2DC2C.e.206"
}
[1722174772.552][INFO]: [b25dd7e120f7221e4330d700b0decab2] COMMAND GetElementText {
   "id": "f.AE684144AEADECA36DE01020A002A39F.d.0586E3884DF0F5FBC4B516E1C4F2DC2C.e.206"
}
[1722174772.552][INFO]: Waiting for pending navigations...
[1722174772.560][INFO]: Done waiting for pending navigations. Status: ok
[1722174772.591][INFO]: Waiting for pending navigations...
[1722174772.600][INFO]: Done waiting for pending navigations. Status: ok
[1722174772.601][INFO]: [b25dd7e120f7221e4330d700b0decab2] RESPONSE GetElementText ""
[1722174772.608][INFO]: [b25dd7e120f7221e4330d700b0decab2] COMMAND Navigate {
   "url": "https://www.youtube.com/"
}
[1722174772.609][INFO]: Waiting for pending navigations...
[1722174772.609][INFO]: Done waiting for pending navigations. Status: ok
[1722174772.825][INFO]: Waiting for pending navigations...
[1722174774.227][INFO]: Done waiting for pending navigations. Status: ok
[1722174774.227][INFO]: [b25dd7e120f7221e4330d700b0decab2] RESPONSE Navigate
[1722174776.241][INFO]: [b25dd7e120f7221e4330d700b0decab2] COMMAND GetUrl {
}
[1722174776.241][INFO]: Waiting for pending navigations...
[1722174776.243][INFO]: Done waiting for pending navigations. Status: ok
[1722174776.254][INFO]: Waiting for pending navigations...
[1722174776.257][INFO]: Done waiting for pending navigations. Status: ok
[1722174776.257][INFO]: [b25dd7e120f7221e4330d700b0decab2] RESPONSE GetUrl "https://www.youtube.com/"
[1722174777.059][INFO]: [b25dd7e120f7221e4330d700b0decab2] COMMAND FindElement {
   "using": "xpath",
   "value": "//input[@id='search']"
}
[1722174777.059][INFO]: Waiting for pending navigations...
[1722174777.060][INFO]: Done waiting for pending navigations. Status: ok
[1722174777.077][INFO]: Waiting for pending navigations...
[1722174777.078][INFO]: Done waiting for pending navigations. Status: ok
[1722174777.078][INFO]: [b25dd7e120f7221e4330d700b0decab2] RESPONSE FindElement {
   "element-6066-11e4-a52e-4f735466cecf": "f.AE684144AEADECA36DE01020A002A39F.d.AFB027C06EAB739A76F8E29C15A0D6FF.e.213"
}
[1722174777.085][INFO]: [b25dd7e120f7221e4330d700b0decab2] COMMAND TypeElement {
   "id": "f.AE684144AEADECA36DE01020A002A39F.d.AFB027C06EAB739A76F8E29C15A0D6FF.e.213",
   "text": "to_be_searched",
   "value": [ "t", "o", "_", "b", "e", "_", "s", "e", "a", "r", "c", "h", "e", "d", "" ]
}
[1722174777.085][INFO]: Waiting for pending navigations...
[1722174777.086][INFO]: Done waiting for pending navigations. Status: ok
[1722174777.243][INFO]: Waiting for pending navigations...
[1722174777.249][INFO]: Done waiting for pending navigations. Status: ok
[1722174777.249][INFO]: [b25dd7e120f7221e4330d700b0decab2] RESPONSE TypeElement
[1722174780.272][INFO]: [b25dd7e120f7221e4330d700b0decab2] COMMAND FindElement {
   "using": "xpath",
   "value": "//input[@id='search']"
}
[1722174780.272][INFO]: Waiting for pending navigations...
[1722174780.275][INFO]: Done waiting for pending navigations. Status: ok
[1722174780.300][INFO]: Waiting for pending navigations...
[1722174780.302][INFO]: Done waiting for pending navigations. Status: ok
[1722174780.302][INFO]: [b25dd7e120f7221e4330d700b0decab2] RESPONSE FindElement {
   "element-6066-11e4-a52e-4f735466cecf": "f.AE684144AEADECA36DE01020A002A39F.d.AFB027C06EAB739A76F8E29C15A0D6FF.e.213"
}
[1722174780.309][INFO]: [b25dd7e120f7221e4330d700b0decab2] COMMAND TypeElement {
   "id": "f.AE684144AEADECA36DE01020A002A39F.d.AFB027C06EAB739A76F8E29C15A0D6FF.e.213",
   "text": "Movies",
   "value": [ "M", "o", "v", "i", "e", "s", "" ]
}
[1722174780.310][INFO]: Waiting for pending navigations...
[1722174780.312][INFO]: Done waiting for pending navigations. Status: ok
[1722174780.413][INFO]: Waiting for pending navigations...
[1722174780.416][INFO]: Done waiting for pending navigations. Status: ok
[1722174780.416][INFO]: [b25dd7e120f7221e4330d700b0decab2] RESPONSE TypeElement
[1722174783.423][INFO]: [b25dd7e120f7221e4330d700b0decab2] COMMAND FindElement {
   "using": "xpath",
   "value": "//input[@id='search']"
}
[1722174783.424][INFO]: Waiting for pending navigations...
[1722174783.424][INFO]: Done waiting for pending navigations. Status: ok
[1722174783.441][INFO]: Waiting for pending navigations...
[1722174783.445][INFO]: Done waiting for pending navigations. Status: ok
[1722174783.445][INFO]: [b25dd7e120f7221e4330d700b0decab2] RESPONSE FindElement {
   "element-6066-11e4-a52e-4f735466cecf": "f.AE684144AEADECA36DE01020A002A39F.d.AFB027C06EAB739A76F8E29C15A0D6FF.e.213"
}
[1722174783.450][INFO]: [b25dd7e120f7221e4330d700b0decab2] COMMAND TypeElement {
   "id": "f.AE684144AEADECA36DE01020A002A39F.d.AFB027C06EAB739A76F8E29C15A0D6FF.e.213",
   "text": "Games",
   "value": [ "G", "a", "m", "e", "s", "" ]
}
[1722174783.450][INFO]: Waiting for pending navigations...
[1722174783.453][INFO]: Done waiting for pending navigations. Status: ok
[1722174783.775][INFO]: Waiting for pending navigations...
[1722174783.815][INFO]: Done waiting for pending navigations. Status: ok
[1722174783.815][INFO]: [b25dd7e120f7221e4330d700b0decab2] RESPONSE TypeElement
[1722174786.849][INFO]: [b25dd7e120f7221e4330d700b0decab2] COMMAND FindElement {
   "using": "xpath",
   "value": "//input[@id='search']"
}
[1722174786.850][INFO]: Waiting for pending navigations...
[1722174786.852][INFO]: Done waiting for pending navigations. Status: ok
[1722174786.869][INFO]: Waiting for pending navigations...
[1722174786.871][INFO]: Done waiting for pending navigations. Status: ok
[1722174786.871][INFO]: [b25dd7e120f7221e4330d700b0decab2] RESPONSE FindElement {
   "element-6066-11e4-a52e-4f735466cecf": "f.AE684144AEADECA36DE01020A002A39F.d.AFB027C06EAB739A76F8E29C15A0D6FF.e.213"
}
[1722174786.875][INFO]: [b25dd7e120f7221e4330d700b0decab2] COMMAND TypeElement {
   "id": "f.AE684144AEADECA36DE01020A002A39F.d.AFB027C06EAB739A76F8E29C15A0D6FF.e.213",
   "text": "",
   "value": [ "" ]
}
[1722174786.875][INFO]: Waiting for pending navigations...
[1722174786.876][INFO]: Done waiting for pending navigations. Status: ok
[1722174786.978][INFO]: Waiting for pending navigations...
[1722174786.981][INFO]: Done waiting for pending navigations. Status: ok
[1722174786.981][INFO]: [b25dd7e120f7221e4330d700b0decab2] RESPONSE TypeElement
[1722174790.005][INFO]: [b25dd7e120f7221e4330d700b0decab2] COMMAND FindElements {
   "using": "xpath",
   "value": "//div[@id='dismissible']//div[@id='metadata-line']//span[1]"
}
[1722174790.005][INFO]: Waiting for pending navigations...
[1722174790.007][INFO]: Done waiting for pending navigations. Status: ok
[1722174790.048][INFO]: Waiting for pending navigations...
[1722174790.050][INFO]: Done waiting for pending navigations. Status: ok
[1722174790.050][INFO]: [b25dd7e120f7221e4330d700b0decab2] RESPONSE FindElements [ {
   "element-6066-11e4-a52e-4f735466cecf": "f.AE684144AEADECA36DE01020A002A39F.d.AFB027C06EAB739A76F8E29C15A0D6FF.e.241"
}, {
   "element-6066-11e4-a52e-4f735466cecf": "f.AE684144AEADECA36DE01020A002A39F.d.AFB027C06EAB739A76F8E29C15A0D6FF.e.242"
}, {
   "element-6066-11e4-a52e-4f735466cecf": "f.AE684144AEADECA36DE01020A002A39F.d.AFB027C06EAB739A76F8E29C15A0D6FF.e.243"
}, {
   "element-6066-11e4-a52e-4f735466cecf": "f.AE684144AEADECA36DE01020A002A39F.d.AFB027C06EAB739A76F8E29C15A0D6FF.e.244"
}, {
   "element-6066-11e4-a52e-4f735466cecf": "f.AE684144AEADECA36DE01020A002A39F.d.AFB027C06EAB739A76F8E29C15A0D6FF.e.245"
}, {
   "element-6066-11e4-a52e-4f735466cecf": "f.AE684144AEADECA36DE01020A002A39F.d.AFB027C06EAB739A76F8E29C15A0D6FF.e.246"
}, {
   "element-6066-11e4-a52e-4f735466cecf": "f.AE684144AEADECA36DE01020A002A39F.d.AFB027C06EAB739A76F8E29C15A0D6FF.e.247"
}, {
   "element-6066-11e4-a52e-4f735466cecf": "f.AE684144AEADECA36DE01020A002A39F.d.AFB027C06EAB739A76F8E29C15A0D6FF.e.248"
}, {
   "element-6066-11e4-a52e-4f735466cecf": "f.AE684144AEADECA36DE01020A002A39F.d.AFB027C06EAB739A76F8E29C15A0D6FF.e.249"
}, {
   "element-6066-11e4-a52e-4f735466cecf": "f.AE684144AEADECA36DE01020A002A39F.d.AFB027C06EAB739A76F8E29C15A0D6FF.e.250"
}, {
   "element-6066-11e4-a52e-4f735466cecf": "f.AE684144AEADECA36DE01020A002A39F.d.AFB027C06EAB739A76F8E29C15A0D6FF.e.251"
}, {
   "element-6066-11e4-a52e-4f735466cecf": "f.AE684144AEADECA36DE01020A002A39F.d.AFB027C06EAB739A76F8E29C15A0D6FF.e.252"
}, {
   "element-6066-11e4-a52e-4f735466cecf": "f.AE684144AEADECA36DE01020A002A39F.d.AFB027C06EAB739A76F8E29C15A0D6FF.e.253"
}, {
   "element-6066-11e4-a52e-4f735466cecf": "f.AE684144AEADECA36DE01020A002A39F.d.AFB027C06EAB739A76F8E29C15A0D6FF.e.254"
}, {
   "element-6066-11e4-a52e-4f735466cecf": "f.AE684144AEADECA36DE01020A002A39F.d.AFB027C06EAB739A76F8E29C15A0D6FF.e.255"
}, {
   "element-6066-11e4-a52e-4f735466cecf": "f.AE684144AEADECA36DE01020A002A39F.d.AFB027C06EAB739A76F8E29C15A0D6FF.e.256"
}, {
   "element-6066-11e4-a52e-4f735466cecf": "f.AE684144AEADECA36DE01020A002A39F.d.AFB027C06EAB739A76F8E29C15A0D6FF.e.257"
}, {
   "element-6066-11e4-a52e-4f735466cecf": "f.AE684144AEADECA36DE01020A002A39F.d.AFB027C06EAB739A76F8E29C15A0D6FF.e.258"
}, {
   "element-6066-11e4-a52e-4f735466cecf": "f.AE684144AEADECA36DE01020A002A39F.d.AFB027C06EAB739A76F8E29C15A0D6FF.e.259"
}, "..." ]
[1722174790.055][INFO]: [b25dd7e120f7221e4330d700b0decab2] COMMAND GetElementText {
   "id": "f.AE684144AEADECA36DE01020A002A39F.d.AFB027C06EAB739A76F8E29C15A0D6FF.e.241"
}
[1722174790.055][INFO]: Waiting for pending navigations...
[1722174790.056][INFO]: Done waiting for pending navigations. Status: ok
[1722174790.070][INFO]: Waiting for pending navigations...
[1722174790.071][INFO]: Done waiting for pending navigations. Status: ok
[1722174790.071][INFO]: [b25dd7e120f7221e4330d700b0decab2] RESPONSE GetElementText "1.4M views"
[1722174790.076][INFO]: [b25dd7e120f7221e4330d700b0decab2] COMMAND GetElementText {
   "id": "f.AE684144AEADECA36DE01020A002A39F.d.AFB027C06EAB739A76F8E29C15A0D6FF.e.242"
}
[1722174790.076][INFO]: Waiting for pending navigations...
[1722174790.077][INFO]: Done waiting for pending navigations. Status: ok
[1722174790.095][INFO]: Waiting for pending navigations...
[1722174790.097][INFO]: Done waiting for pending navigations. Status: ok
[1722174790.097][INFO]: [b25dd7e120f7221e4330d700b0decab2] RESPONSE GetElementText "4.5K views"
[1722174790.100][INFO]: [b25dd7e120f7221e4330d700b0decab2] COMMAND GetElementText {
   "id": "f.AE684144AEADECA36DE01020A002A39F.d.AFB027C06EAB739A76F8E29C15A0D6FF.e.243"
}
[1722174790.100][INFO]: Waiting for pending navigations...
[1722174790.102][INFO]: Done waiting for pending navigations. Status: ok
[1722174790.116][INFO]: Waiting for pending navigations...
[1722174790.117][INFO]: Done waiting for pending navigations. Status: ok
[1722174790.117][INFO]: [b25dd7e120f7221e4330d700b0decab2] RESPONSE GetElementText "47K views"
[1722174790.121][INFO]: [b25dd7e120f7221e4330d700b0decab2] COMMAND GetElementText {
   "id": "f.AE684144AEADECA36DE01020A002A39F.d.AFB027C06EAB739A76F8E29C15A0D6FF.e.244"
}
[1722174790.121][INFO]: Waiting for pending navigations...
[1722174790.122][INFO]: Done waiting for pending navigations. Status: ok
[1722174790.136][INFO]: Waiting for pending navigations...
[1722174790.137][INFO]: Done waiting for pending navigations. Status: ok
[1722174790.137][INFO]: [b25dd7e120f7221e4330d700b0decab2] RESPONSE GetElementText "293 views"
[1722174790.139][INFO]: [b25dd7e120f7221e4330d700b0decab2] COMMAND GetElementText {
   "id": "f.AE684144AEADECA36DE01020A002A39F.d.AFB027C06EAB739A76F8E29C15A0D6FF.e.245"
}
[1722174790.139][INFO]: Waiting for pending navigations...
[1722174790.140][INFO]: Done waiting for pending navigations. Status: ok
[1722174790.150][INFO]: Waiting for pending navigations...
[1722174790.151][INFO]: Done waiting for pending navigations. Status: ok
[1722174790.151][INFO]: [b25dd7e120f7221e4330d700b0decab2] RESPONSE GetElementText "693 views"
[1722174790.154][INFO]: [b25dd7e120f7221e4330d700b0decab2] COMMAND GetElementText {
   "id": "f.AE684144AEADECA36DE01020A002A39F.d.AFB027C06EAB739A76F8E29C15A0D6FF.e.246"
}
[1722174790.154][INFO]: Waiting for pending navigations...
[1722174790.155][INFO]: Done waiting for pending navigations. Status: ok
[1722174790.166][INFO]: Waiting for pending navigations...
[1722174790.167][INFO]: Done waiting for pending navigations. Status: ok
[1722174790.167][INFO]: [b25dd7e120f7221e4330d700b0decab2] RESPONSE GetElementText ""
[1722174790.171][INFO]: [b25dd7e120f7221e4330d700b0decab2] COMMAND GetElementText {
   "id": "f.AE684144AEADECA36DE01020A002A39F.d.AFB027C06EAB739A76F8E29C15A0D6FF.e.247"
}
[1722174790.171][INFO]: Waiting for pending navigations...
[1722174790.171][INFO]: Done waiting for pending navigations. Status: ok
[1722174790.182][INFO]: Waiting for pending navigations...
[1722174790.183][INFO]: Done waiting for pending navigations. Status: ok
[1722174790.183][INFO]: [b25dd7e120f7221e4330d700b0decab2] RESPONSE GetElementText "314 views"
[1722174790.185][INFO]: [b25dd7e120f7221e4330d700b0decab2] COMMAND GetElementText {
   "id": "f.AE684144AEADECA36DE01020A002A39F.d.AFB027C06EAB739A76F8E29C15A0D6FF.e.248"
}
[1722174790.185][INFO]: Waiting for pending navigations...
[1722174790.186][INFO]: Done waiting for pending navigations. Status: ok
[1722174790.197][INFO]: Waiting for pending navigations...
[1722174790.198][INFO]: Done waiting for pending navigations. Status: ok
[1722174790.198][INFO]: [b25dd7e120f7221e4330d700b0decab2] RESPONSE GetElementText "4 views"
[1722174790.200][INFO]: [b25dd7e120f7221e4330d700b0decab2] COMMAND GetElementText {
   "id": "f.AE684144AEADECA36DE01020A002A39F.d.AFB027C06EAB739A76F8E29C15A0D6FF.e.249"
}
[1722174790.200][INFO]: Waiting for pending navigations...
[1722174790.201][INFO]: Done waiting for pending navigations. Status: ok
[1722174790.216][INFO]: Waiting for pending navigations...
[1722174790.217][INFO]: Done waiting for pending navigations. Status: ok
[1722174790.217][INFO]: [b25dd7e120f7221e4330d700b0decab2] RESPONSE GetElementText "No views"
[1722174790.219][INFO]: [b25dd7e120f7221e4330d700b0decab2] COMMAND GetElementText {
   "id": "f.AE684144AEADECA36DE01020A002A39F.d.AFB027C06EAB739A76F8E29C15A0D6FF.e.250"
}
[1722174790.219][INFO]: Waiting for pending navigations...
[1722174790.221][INFO]: Done waiting for pending navigations. Status: ok
[1722174790.231][INFO]: Waiting for pending navigations...
[1722174790.232][INFO]: Done waiting for pending navigations. Status: ok
[1722174790.232][INFO]: [b25dd7e120f7221e4330d700b0decab2] RESPONSE GetElementText "90 views"
[1722174790.235][INFO]: [b25dd7e120f7221e4330d700b0decab2] COMMAND GetElementText {
   "id": "f.AE684144AEADECA36DE01020A002A39F.d.AFB027C06EAB739A76F8E29C15A0D6FF.e.251"
}
[1722174790.235][INFO]: Waiting for pending navigations...
[1722174790.236][INFO]: Done waiting for pending navigations. Status: ok
[1722174790.247][INFO]: Waiting for pending navigations...
[1722174790.248][INFO]: Done waiting for pending navigations. Status: ok
[1722174790.248][INFO]: [b25dd7e120f7221e4330d700b0decab2] RESPONSE GetElementText "30 views"
[1722174790.250][INFO]: [b25dd7e120f7221e4330d700b0decab2] COMMAND GetElementText {
   "id": "f.AE684144AEADECA36DE01020A002A39F.d.AFB027C06EAB739A76F8E29C15A0D6FF.e.252"
}
[1722174790.250][INFO]: Waiting for pending navigations...
[1722174790.251][INFO]: Done waiting for pending navigations. Status: ok
[1722174790.261][INFO]: Waiting for pending navigations...
[1722174790.262][INFO]: Done waiting for pending navigations. Status: ok
[1722174790.262][INFO]: [b25dd7e120f7221e4330d700b0decab2] RESPONSE GetElementText "2.4K views"
[1722174790.265][INFO]: [b25dd7e120f7221e4330d700b0decab2] COMMAND GetElementText {
   "id": "f.AE684144AEADECA36DE01020A002A39F.d.AFB027C06EAB739A76F8E29C15A0D6FF.e.253"
}
[1722174790.265][INFO]: Waiting for pending navigations...
[1722174790.266][INFO]: Done waiting for pending navigations. Status: ok
[1722174790.278][INFO]: Waiting for pending navigations...
[1722174790.278][INFO]: Done waiting for pending navigations. Status: ok
[1722174790.278][INFO]: [b25dd7e120f7221e4330d700b0decab2] RESPONSE GetElementText "78 views"
[1722174790.282][INFO]: [b25dd7e120f7221e4330d700b0decab2] COMMAND GetElementText {
   "id": "f.AE684144AEADECA36DE01020A002A39F.d.AFB027C06EAB739A76F8E29C15A0D6FF.e.254"
}
[1722174790.282][INFO]: Waiting for pending navigations...
[1722174790.282][INFO]: Done waiting for pending navigations. Status: ok
[1722174790.293][INFO]: Waiting for pending navigations...
[1722174790.293][INFO]: Done waiting for pending navigations. Status: ok
[1722174790.294][INFO]: [b25dd7e120f7221e4330d700b0decab2] RESPONSE GetElementText "38K views"
[1722174790.296][INFO]: [b25dd7e120f7221e4330d700b0decab2] COMMAND GetElementText {
   "id": "f.AE684144AEADECA36DE01020A002A39F.d.AFB027C06EAB739A76F8E29C15A0D6FF.e.255"
}
[1722174790.296][INFO]: Waiting for pending navigations...
[1722174790.297][INFO]: Done waiting for pending navigations. Status: ok
[1722174790.305][INFO]: Waiting for pending navigations...
[1722174790.306][INFO]: Done waiting for pending navigations. Status: ok
[1722174790.306][INFO]: [b25dd7e120f7221e4330d700b0decab2] RESPONSE GetElementText ""
[1722174790.309][INFO]: [b25dd7e120f7221e4330d700b0decab2] COMMAND GetElementText {
   "id": "f.AE684144AEADECA36DE01020A002A39F.d.AFB027C06EAB739A76F8E29C15A0D6FF.e.256"
}
[1722174790.309][INFO]: Waiting for pending navigations...
[1722174790.311][INFO]: Done waiting for pending navigations. Status: ok
[1722174790.322][INFO]: Waiting for pending navigations...
[1722174790.322][INFO]: Done waiting for pending navigations. Status: ok
[1722174790.322][INFO]: [b25dd7e120f7221e4330d700b0decab2] RESPONSE GetElementText "7.6K views"
[1722174790.326][INFO]: [b25dd7e120f7221e4330d700b0decab2] COMMAND GetElementText {
   "id": "f.AE684144AEADECA36DE01020A002A39F.d.AFB027C06EAB739A76F8E29C15A0D6FF.e.257"
}
[1722174790.326][INFO]: Waiting for pending navigations...
[1722174790.327][INFO]: Done waiting for pending navigations. Status: ok
[1722174790.336][INFO]: Waiting for pending navigations...
[1722174790.337][INFO]: Done waiting for pending navigations. Status: ok
[1722174790.337][INFO]: [b25dd7e120f7221e4330d700b0decab2] RESPONSE GetElementText "7 views"
[1722174790.340][INFO]: [b25dd7e120f7221e4330d700b0decab2] COMMAND GetElementText {
   "id": "f.AE684144AEADECA36DE01020A002A39F.d.AFB027C06EAB739A76F8E29C15A0D6FF.e.258"
}
[1722174790.340][INFO]: Waiting for pending navigations...
[1722174790.341][INFO]: Done waiting for pending navigations. Status: ok
[1722174790.351][INFO]: Waiting for pending navigations...
[1722174790.352][INFO]: Done waiting for pending navigations. Status: ok
[1722174790.352][INFO]: [b25dd7e120f7221e4330d700b0decab2] RESPONSE GetElementText "115M views"
[1722174790.355][INFO]: [b25dd7e120f7221e4330d700b0decab2] COMMAND PerformActions {
   "actions": [ {
      "actions": [ {
         "type": "keyDown",
         "value": ""
      }, {
         "type": "keyUp",
         "value": ""
      } ],
      "id": "default keyboard",
      "type": "key"
   } ]
}
[1722174790.355][INFO]: Waiting for pending navigations...
[1722174790.356][INFO]: Done waiting for pending navigations. Status: ok
[1722174790.360][INFO]: Waiting for pending navigations...
[1722174790.361][INFO]: Done waiting for pending navigations. Status: ok
[1722174790.361][INFO]: [b25dd7e120f7221e4330d700b0decab2] RESPONSE PerformActions
[1722174793.387][INFO]: [b25dd7e120f7221e4330d700b0decab2] COMMAND FindElement {
   "using": "xpath",
   "value": "//input[@id='search']"
}
[1722174793.387][INFO]: Waiting for pending navigations...
[1722174793.388][INFO]: Done waiting for pending navigations. Status: ok
[1722174793.407][INFO]: Waiting for pending navigations...
[1722174793.408][INFO]: Done waiting for pending navigations. Status: ok
[1722174793.408][INFO]: [b25dd7e120f7221e4330d700b0decab2] RESPONSE FindElement {
   "element-6066-11e4-a52e-4f735466cecf": "f.AE684144AEADECA36DE01020A002A39F.d.AFB027C06EAB739A76F8E29C15A0D6FF.e.213"
}
[1722174793.413][INFO]: [b25dd7e120f7221e4330d700b0decab2] COMMAND ClearElement {
   "id": "f.AE684144AEADECA36DE01020A002A39F.d.AFB027C06EAB739A76F8E29C15A0D6FF.e.213"
}
[1722174793.413][INFO]: Waiting for pending navigations...
[1722174793.415][INFO]: Done waiting for pending navigations. Status: ok
[1722174793.448][INFO]: 
	=== NOTE: ===
	The Clear command in ChromeDriver 2.43 and above
	has been updated to conform to the current standard,
	including raising blur event after clearing.

[1722174793.477][INFO]: Waiting for pending navigations...
[1722174793.491][INFO]: Done waiting for pending navigations. Status: ok
[1722174793.491][INFO]: [b25dd7e120f7221e4330d700b0decab2] RESPONSE ClearElement
[1722174796.502][INFO]: [b25dd7e120f7221e4330d700b0decab2] COMMAND CloseWindow {
}
[1722174796.986][INFO]: [b25dd7e120f7221e4330d700b0decab2] RESPONSE CloseWindow [  ]
